[.] overwrite version
Overwrite Version 1.5.2 2019-11-16
[.] Create a small test drive
24+0 records in
24+0 records out
25165824 bytes (25 MB, 24 MiB) copied, 0,00868135 s, 2,9 GB/s
[.] Create fat file system and mount
mkfs.fat 4.1 (2017-01-24)
[.] Create test files
[.] test file name length: 46
[.] test file name length: 46
[.] test file name length: 46
[.] test file name length: 46
[.] test file name length: 46
[.] test file name length: 46
[.] test file name length: 46
[.] test file name length: 46
[.] test file name length: 46
total 18
-rwxr-x--- 1 root root 8 Nov 18 19:22 ∼∼1∼∼тестирање∼∼тестирање∼∼тестирање∼∼Moh5za∼∼
-rwxr-x--- 1 root root 8 Nov 18 19:22 ∼∼2∼∼тестирање∼∼тестирање∼∼тестирање∼∼Moh5za∼∼
-rwxr-x--- 1 root root 8 Nov 18 19:22 ∼∼3∼∼тестирање∼∼тестирање∼∼тестирање∼∼Moh5za∼∼
-rwxr-x--- 1 root root 8 Nov 18 19:22 ∼∼4∼∼тестирање∼∼тестирање∼∼тестирање∼∼Moh5za∼∼
-rwxr-x--- 1 root root 8 Nov 18 19:22 ∼∼5∼∼тестирање∼∼тестирање∼∼тестирање∼∼Moh5za∼∼
-rwxr-x--- 1 root root 8 Nov 18 19:22 ∼∼6∼∼тестирање∼∼тестирање∼∼тестирање∼∼Moh5za∼∼
-rwxr-x--- 1 root root 8 Nov 18 19:22 ∼∼7∼∼тестирање∼∼тестирање∼∼тестирање∼∼Moh5za∼∼
-rwxr-x--- 1 root root 8 Nov 18 19:22 ∼∼8∼∼тестирање∼∼тестирање∼∼тестирање∼∼Moh5za∼∼
-rwxr-x--- 1 root root 8 Nov 18 19:22 ∼∼9∼∼тестирање∼∼тестирање∼∼тестирање∼∼Moh5za∼∼
[.] Delete all test files
total 0
[.] run overwrite -meta:70 -data:all -path:/tmp/testfs

Writing metadata: 
10% 20% 30% 40% 50% 60% 70% 80% 90% 100% 
Writing data: 
100% 

Time: 00:00:00.61 
Done. 
[.] unmount the test file system
[.] check the metadata
[O] test case passed. No file name rest found
[.] clean up
[.] Create a small test drive
24+0 records in
24+0 records out
25165824 bytes (25 MB, 24 MiB) copied, 0,0120165 s, 2,1 GB/s
[.] Create exfat file system and mount
mkexfatfs 1.2.8
Creating... done.
Flushing... done.
File system created successfully.
[.] Create test files
[.] test file name length: 46
[.] test file name length: 46
[.] test file name length: 46
[.] test file name length: 46
[.] test file name length: 46
[.] test file name length: 46
[.] test file name length: 46
[.] test file name length: 46
[.] test file name length: 46
total 36
-rwxrwxrwx 1 root root 8 Nov 18 19:22 ∼∼1∼∼тестирање∼∼тестирање∼∼тестирање∼∼Moh5za∼∼
-rwxrwxrwx 1 root root 8 Nov 18 19:22 ∼∼2∼∼тестирање∼∼тестирање∼∼тестирање∼∼Moh5za∼∼
-rwxrwxrwx 1 root root 8 Nov 18 19:22 ∼∼3∼∼тестирање∼∼тестирање∼∼тестирање∼∼Moh5za∼∼
-rwxrwxrwx 1 root root 8 Nov 18 19:22 ∼∼4∼∼тестирање∼∼тестирање∼∼тестирање∼∼Moh5za∼∼
-rwxrwxrwx 1 root root 8 Nov 18 19:22 ∼∼5∼∼тестирање∼∼тестирање∼∼тестирање∼∼Moh5za∼∼
-rwxrwxrwx 1 root root 8 Nov 18 19:22 ∼∼6∼∼тестирање∼∼тестирање∼∼тестирање∼∼Moh5za∼∼
-rwxrwxrwx 1 root root 8 Nov 18 19:22 ∼∼7∼∼тестирање∼∼тестирање∼∼тестирање∼∼Moh5za∼∼
-rwxrwxrwx 1 root root 8 Nov 18 19:22 ∼∼8∼∼тестирање∼∼тестирање∼∼тестирање∼∼Moh5za∼∼
-rwxrwxrwx 1 root root 8 Nov 18 19:22 ∼∼9∼∼тестирање∼∼тестирање∼∼тестирање∼∼Moh5za∼∼
[.] Delete all test files
total 0
[.] run overwrite -meta:70 -data:all -path:/tmp/testfs

Writing metadata: 
10% 20% 30% 40% 50% 60% 70% 80% 90% 100% 
Writing data: 
100% 

Time: 00:00:00.50 
Done. 
[.] unmount the test file system
[.] check the metadata
[O] test case passed. No file name rest found
[.] clean up
[.] Create a small test drive
24+0 records in
24+0 records out
25165824 bytes (25 MB, 24 MiB) copied, 0,0069619 s, 3,6 GB/s
[.] Create vfat file system and mount
mkfs.fat 4.1 (2017-01-24)
[.] Create test files
[.] test file name length: 46
[.] test file name length: 46
[.] test file name length: 46
[.] test file name length: 46
[.] test file name length: 46
[.] test file name length: 46
[.] test file name length: 46
[.] test file name length: 46
[.] test file name length: 46
total 18
-rwxr-x--- 1 root root 8 Nov 18 19:22 ∼∼1∼∼тестирање∼∼тестирање∼∼тестирање∼∼Moh5za∼∼
-rwxr-x--- 1 root root 8 Nov 18 19:22 ∼∼2∼∼тестирање∼∼тестирање∼∼тестирање∼∼Moh5za∼∼
-rwxr-x--- 1 root root 8 Nov 18 19:22 ∼∼3∼∼тестирање∼∼тестирање∼∼тестирање∼∼Moh5za∼∼
-rwxr-x--- 1 root root 8 Nov 18 19:22 ∼∼4∼∼тестирање∼∼тестирање∼∼тестирање∼∼Moh5za∼∼
-rwxr-x--- 1 root root 8 Nov 18 19:22 ∼∼5∼∼тестирање∼∼тестирање∼∼тестирање∼∼Moh5za∼∼
-rwxr-x--- 1 root root 8 Nov 18 19:22 ∼∼6∼∼тестирање∼∼тестирање∼∼тестирање∼∼Moh5za∼∼
-rwxr-x--- 1 root root 8 Nov 18 19:22 ∼∼7∼∼тестирање∼∼тестирање∼∼тестирање∼∼Moh5za∼∼
-rwxr-x--- 1 root root 8 Nov 18 19:22 ∼∼8∼∼тестирање∼∼тестирање∼∼тестирање∼∼Moh5za∼∼
-rwxr-x--- 1 root root 8 Nov 18 19:22 ∼∼9∼∼тестирање∼∼тестирање∼∼тестирање∼∼Moh5za∼∼
[.] Delete all test files
total 0
[.] run overwrite -meta:70 -data:all -path:/tmp/testfs

Writing metadata: 
10% 20% 30% 40% 50% 60% 70% 80% 90% 100% 
Writing data: 
100% 

Time: 00:00:00.61 
Done. 
[.] unmount the test file system
[.] check the metadata
[O] test case passed. No file name rest found
[.] clean up
[.] Create a small test drive
24+0 records in
24+0 records out
25165824 bytes (25 MB, 24 MiB) copied, 0,00831974 s, 3,0 GB/s
[.] Create ext2 file system and mount
Filesystem features:      ext_attr resize_inode dir_index filetype sparse_super large_file
[.] Create test files
[.] test file name length: 46
[.] test file name length: 46
[.] test file name length: 46
[.] test file name length: 46
[.] test file name length: 46
[.] test file name length: 46
[.] test file name length: 46
[.] test file name length: 46
[.] test file name length: 46
total 21
-rw-r----- 1 root root     8 Nov 18 19:22 ∼∼1∼∼тестирање∼∼тестирање∼∼тестирање∼∼Moh5za∼∼
-rw-r----- 1 root root     8 Nov 18 19:22 ∼∼2∼∼тестирање∼∼тестирање∼∼тестирање∼∼Moh5za∼∼
-rw-r----- 1 root root     8 Nov 18 19:22 ∼∼3∼∼тестирање∼∼тестирање∼∼тестирање∼∼Moh5za∼∼
-rw-r----- 1 root root     8 Nov 18 19:22 ∼∼4∼∼тестирање∼∼тестирање∼∼тестирање∼∼Moh5za∼∼
-rw-r----- 1 root root     8 Nov 18 19:22 ∼∼5∼∼тестирање∼∼тестирање∼∼тестирање∼∼Moh5za∼∼
-rw-r----- 1 root root     8 Nov 18 19:22 ∼∼6∼∼тестирање∼∼тестирање∼∼тестирање∼∼Moh5za∼∼
-rw-r----- 1 root root     8 Nov 18 19:22 ∼∼7∼∼тестирање∼∼тестирање∼∼тестирање∼∼Moh5za∼∼
-rw-r----- 1 root root     8 Nov 18 19:22 ∼∼8∼∼тестирање∼∼тестирање∼∼тестирање∼∼Moh5za∼∼
-rw-r----- 1 root root     8 Nov 18 19:22 ∼∼9∼∼тестирање∼∼тестирање∼∼тестирање∼∼Moh5za∼∼
drwx------ 2 root root 12288 Nov 18 19:22 lost+found
[.] Delete all test files
total 12
drwx------ 2 root root 12288 Nov 18 19:22 lost+found
[.] run overwrite -meta:70 -data:all -path:/tmp/testfs

Writing metadata: 
10% 20% 30% 40% 50% 60% 70% 80% 90% 100% 
Writing data: 
100% 

Time: 00:00:00.72 
Done. 
[.] unmount the test file system
[.] check the metadata
[O] test case passed. No file name rest found
[.] clean up
[.] Create a small test drive
24+0 records in
24+0 records out
25165824 bytes (25 MB, 24 MiB) copied, 0,00717528 s, 3,5 GB/s
[.] Create ext4 file system and mount
Filesystem features:      ext_attr resize_inode dir_index filetype extent 64bit flex_bg sparse_super large_file huge_file dir_nlink extra_isize metadata_csum
[.] Create test files
[.] test file name length: 46
[.] test file name length: 46
[.] test file name length: 46
[.] test file name length: 46
[.] test file name length: 46
[.] test file name length: 46
[.] test file name length: 46
[.] test file name length: 46
[.] test file name length: 46
total 21
-rw-r----- 1 root root     8 Nov 18 19:22 ∼∼1∼∼тестирање∼∼тестирање∼∼тестирање∼∼Moh5za∼∼
-rw-r----- 1 root root     8 Nov 18 19:22 ∼∼2∼∼тестирање∼∼тестирање∼∼тестирање∼∼Moh5za∼∼
-rw-r----- 1 root root     8 Nov 18 19:22 ∼∼3∼∼тестирање∼∼тестирање∼∼тестирање∼∼Moh5za∼∼
-rw-r----- 1 root root     8 Nov 18 19:22 ∼∼4∼∼тестирање∼∼тестирање∼∼тестирање∼∼Moh5za∼∼
-rw-r----- 1 root root     8 Nov 18 19:22 ∼∼5∼∼тестирање∼∼тестирање∼∼тестирање∼∼Moh5za∼∼
-rw-r----- 1 root root     8 Nov 18 19:22 ∼∼6∼∼тестирање∼∼тестирање∼∼тестирање∼∼Moh5za∼∼
-rw-r----- 1 root root     8 Nov 18 19:22 ∼∼7∼∼тестирање∼∼тестирање∼∼тестирање∼∼Moh5za∼∼
-rw-r----- 1 root root     8 Nov 18 19:22 ∼∼8∼∼тестирање∼∼тестирање∼∼тестирање∼∼Moh5za∼∼
-rw-r----- 1 root root     8 Nov 18 19:22 ∼∼9∼∼тестирање∼∼тестирање∼∼тестирање∼∼Moh5za∼∼
drwx------ 2 root root 12288 Nov 18 19:22 lost+found
[.] Delete all test files
total 12
drwx------ 2 root root 12288 Nov 18 19:22 lost+found
[.] run overwrite -meta:5000 -data:all -path:/tmp/testfs

Writing metadata: 
10% 20% 30% 40% 50% 60% 70% 80% 90% 100% 
Writing data: 
100% 

Time: 00:00:00.578 
Done. 
[.] unmount the test file system
[.] check the metadata
[O] test case passed. No file name rest found
[.] clean up
[.] Create a small test drive
24+0 records in
24+0 records out
25165824 bytes (25 MB, 24 MiB) copied, 0,00714761 s, 3,5 GB/s
[.] Create ntfs file system and mount
/tmp/RAWdata is not a block device.
mkntfs forced anyway.
The sector size was not specified for /tmp/RAWdata and it could not be obtained automatically.  It has been set to 512 bytes.
The partition start sector was not specified for /tmp/RAWdata and it could not be obtained automatically.  It has been set to 0.
The number of sectors per track was not specified for /tmp/RAWdata and it could not be obtained automatically.  It has been set to 0.
The number of heads was not specified for /tmp/RAWdata and it could not be obtained automatically.  It has been set to 0.
To boot from a device, Windows needs the 'partition start sector', the 'sectors per track' and the 'number of heads' to be set.
Windows will not be able to boot from this device.
[.] Create test files
[.] test file name length: 46
[.] test file name length: 46
[.] test file name length: 46
[.] test file name length: 46
[.] test file name length: 46
[.] test file name length: 46
[.] test file name length: 46
[.] test file name length: 46
[.] test file name length: 46
total 5
-rwxrwxrwx 1 root root 8 Nov 18 19:22 ∼∼1∼∼тестирање∼∼тестирање∼∼тестирање∼∼Moh5za∼∼
-rwxrwxrwx 1 root root 8 Nov 18 19:22 ∼∼2∼∼тестирање∼∼тестирање∼∼тестирање∼∼Moh5za∼∼
-rwxrwxrwx 1 root root 8 Nov 18 19:22 ∼∼3∼∼тестирање∼∼тестирање∼∼тестирање∼∼Moh5za∼∼
-rwxrwxrwx 1 root root 8 Nov 18 19:22 ∼∼4∼∼тестирање∼∼тестирање∼∼тестирање∼∼Moh5za∼∼
-rwxrwxrwx 1 root root 8 Nov 18 19:22 ∼∼5∼∼тестирање∼∼тестирање∼∼тестирање∼∼Moh5za∼∼
-rwxrwxrwx 1 root root 8 Nov 18 19:22 ∼∼6∼∼тестирање∼∼тестирање∼∼тестирање∼∼Moh5za∼∼
-rwxrwxrwx 1 root root 8 Nov 18 19:22 ∼∼7∼∼тестирање∼∼тестирање∼∼тестирање∼∼Moh5za∼∼
-rwxrwxrwx 1 root root 8 Nov 18 19:22 ∼∼8∼∼тестирање∼∼тестирање∼∼тестирање∼∼Moh5za∼∼
-rwxrwxrwx 1 root root 8 Nov 18 19:22 ∼∼9∼∼тестирање∼∼тестирање∼∼тестирање∼∼Moh5za∼∼
[.] Delete all test files
total 0
[.] run overwrite -meta:70 -data:all -path:/tmp/testfs

Writing metadata: 
10% 20% 30% 40% 50% 60% 70% 80% 90% 100% 
Writing data: 
100% 

Time: 00:00:00.62 
Done. 
[.] unmount the test file system
[.] check the metadata
[O] test case passed. No file name rest found
[.] clean up
