[.] overwrite version
Overwrite Version 1.5.2 2019-11-16
[.] Create a small test drive
1+0 records in
1+0 records out
1073741824 bytes (1,1 GB, 1,0 GiB) copied, 0,52332 s, 2,1 GB/s
[.] Create fat file system and mount
mkfs.fat 4.1 (2017-01-24)
[.] Create test directory
[.] Create test files
0BhPNq12Y1  7j9PLugpMH	bk7aO0c0Fb  eip9eez8Re	I866MA4RKA  M3OZjU6HZm	raeTh1ahse  Uw1d2QVhLb
0eyVuHnebJ  8tSqzzu6li	cCsNL6JhdB  eipoV7Bo0W	IeI6sNkKP8  M4vxzPYnTm	RDFPLjo0Rm  vhKw01jQ4S
0jrki44dXe  95nWsDoqiB	ceZovie2bu  eiVae0jahd	ierah3fohD  M5ZWQ3OEIg	rooG5Quaec  vlEznHk879
0PqZPeM7nO  97HrO0ly4Z	chaif3eiCh  En3rgYOAYr	ieth1kaeF4  Mb4pV2CyAL	RZP2Z9RZKC  VpML5Qtyw6
0vvDwdWx9N  9JKtURjBm1	civ1Uiphee  eos0OhRiez	IJb7DIm96a  mc76QjKZ7X	s5EMuuXqMV  VQBIy0f9tU
1FrKaGmkM4  9k4ipu2tZS	DAi3BWcmiL  eph3Phin4i	IMwKxELn8R  MjBhMA4RKs	sealeiRi2a  VzYSNmSK3k
1tJKlTkly0  9Kip7Z7BY7	DaviuQu5ei  FaN3too5su	ITHMA4RK0u  MRNIE6TtEE	shohquieW0  wozuZ8heiN
205nxSzwQq  A72q8VME1M	dQj57Z0i4F  gD9Z8hIRcf	j2tXwJU19e  o331MA4RKo	sL9lmrKxgN  wRW08PEt27
24PyvCG5VS  a9kzdOUOU5	dwwjTyR4ka  glZWG2uOct	jieZa7oghu  OFIPWqh438	so68lBokzg  wWW36LOmFk
3yFlimDRQp  aa3ohyaeWu	DXRJ36wbLM  GqZtMA4RKi	KAHKy8ZRnZ  ogai6ku5eK	SsOWqpyN5p  x53TBQk6Rf
40AUHIHWtv  aB5xRQJ0xo	dxz8Av0J7j  GsFtI7Qetl	KgAXv3dvdQ  OhQu6shaez	SUfrot5MnF  xNpoYh41Ek
47oL0MA4RK  aeBee5begu	eCsViw6QBF  GU6jMIsHDs	kU5tkqjdyw  ohth2yi1Bu	tahpish4Re  yucUYj7V0Z
4JyDf3TlXp  aeChuph9ei	Eedaz3teo0  gVixG6e6jn	L7pmmakbRZ  ooch6mooYe	TeiKooMei8  yYykZ54tUW
58JNLBoHv6  AeODb2XVjC	eeGh6eijoh  Ha1OopXUuG	lE9ExUTPXg  p8c4LBRc6D	TJ1eCqdLNI  ZoC1CnJ1u9
66uZXLwaI1  ahQ2MA4RK9	eeP6ahchei  Hci0j3W79R	li8eiXaeve  pcRRtx9Bua	TwxNw7SSyp
6nJhAUxcQ5  ahz9Othat8	eev1quoo1O  HieZaihae1	looc2ohN4r  Phae1xiesa	TyzCRI2fhw
74msnI0ZAt  Aid5ooGh1z	eeW3ein1os  hkb3D2B3K8	lPkg9PorXc  pvyaIxqg2V	UnH48DqsmM
7GegdKJxKx  aS43k6KnOk	EhYMA4RKpX  hTeoALOr9w	LukM9a3auf  qG97Tku5AK	uokVK5KT0C
[.] Delete some test files
[.] directory content after delete
0BhPNq12Y1  7j9PLugpMH	bk7aO0c0Fb  eip9eez8Re	IeI6sNkKP8  M4vxzPYnTm	rooG5Quaec  vhKw01jQ4S
0eyVuHnebJ  8tSqzzu6li	cCsNL6JhdB  eipoV7Bo0W	ierah3fohD  M5ZWQ3OEIg	RZP2Z9RZKC  vlEznHk879
0jrki44dXe  95nWsDoqiB	ceZovie2bu  eiVae0jahd	ieth1kaeF4  Mb4pV2CyAL	s5EMuuXqMV  VpML5Qtyw6
0PqZPeM7nO  97HrO0ly4Z	chaif3eiCh  En3rgYOAYr	IJb7DIm96a  mc76QjKZ7X	sealeiRi2a  VQBIy0f9tU
0vvDwdWx9N  9JKtURjBm1	civ1Uiphee  eos0OhRiez	IMwKxELn8R  MRNIE6TtEE	shohquieW0  VzYSNmSK3k
1FrKaGmkM4  9k4ipu2tZS	DAi3BWcmiL  eph3Phin4i	j2tXwJU19e  OFIPWqh438	sL9lmrKxgN  wozuZ8heiN
1tJKlTkly0  9Kip7Z7BY7	DaviuQu5ei  FaN3too5su	jieZa7oghu  ogai6ku5eK	so68lBokzg  wRW08PEt27
205nxSzwQq  A72q8VME1M	dQj57Z0i4F  gD9Z8hIRcf	KAHKy8ZRnZ  OhQu6shaez	SsOWqpyN5p  wWW36LOmFk
24PyvCG5VS  a9kzdOUOU5	dwwjTyR4ka  glZWG2uOct	KgAXv3dvdQ  ohth2yi1Bu	SUfrot5MnF  x53TBQk6Rf
3yFlimDRQp  aa3ohyaeWu	DXRJ36wbLM  GsFtI7Qetl	kU5tkqjdyw  ooch6mooYe	tahpish4Re  xNpoYh41Ek
40AUHIHWtv  aB5xRQJ0xo	dxz8Av0J7j  GU6jMIsHDs	L7pmmakbRZ  p8c4LBRc6D	TeiKooMei8  yucUYj7V0Z
4JyDf3TlXp  aeBee5begu	eCsViw6QBF  gVixG6e6jn	lE9ExUTPXg  pcRRtx9Bua	TJ1eCqdLNI  yYykZ54tUW
58JNLBoHv6  aeChuph9ei	Eedaz3teo0  Ha1OopXUuG	li8eiXaeve  Phae1xiesa	TwxNw7SSyp  ZoC1CnJ1u9
66uZXLwaI1  AeODb2XVjC	eeGh6eijoh  Hci0j3W79R	looc2ohN4r  pvyaIxqg2V	TyzCRI2fhw
6nJhAUxcQ5  ahz9Othat8	eeP6ahchei  HieZaihae1	lPkg9PorXc  qG97Tku5AK	UnH48DqsmM
74msnI0ZAt  Aid5ooGh1z	eev1quoo1O  hkb3D2B3K8	LukM9a3auf  raeTh1ahse	uokVK5KT0C
7GegdKJxKx  aS43k6KnOk	eeW3ein1os  hTeoALOr9w	M3OZjU6HZm  RDFPLjo0Rm	Uw1d2QVhLb
[.] run overwrite -meta:9999 -data:all -path:/tmp/testfs/DIR1

Writing metadata: 
10% 20% 30% 40% 50% 60% 70% 80% 90% 100% 
Writing data: 
1Gb 100% 

Time: 00:01:29.202 
Done. 
[.] unmount the test file system
[.] check the metadata
[O] test case passed. No file name rest found
[.] clean up
[.] Create a small test drive
1+0 records in
1+0 records out
1073741824 bytes (1,1 GB, 1,0 GiB) copied, 0,524287 s, 2,0 GB/s
[.] Create exfat file system and mount
mkexfatfs 1.2.8
Creating... done.
Flushing... done.
File system created successfully.
[.] Create test directory
[.] Create test files
0BhPNq12Y1  7j9PLugpMH	bk7aO0c0Fb  eip9eez8Re	I866MA4RKA  M3OZjU6HZm	raeTh1ahse  Uw1d2QVhLb
0eyVuHnebJ  8tSqzzu6li	cCsNL6JhdB  eipoV7Bo0W	IeI6sNkKP8  M4vxzPYnTm	RDFPLjo0Rm  vhKw01jQ4S
0jrki44dXe  95nWsDoqiB	ceZovie2bu  eiVae0jahd	ierah3fohD  M5ZWQ3OEIg	rooG5Quaec  vlEznHk879
0PqZPeM7nO  97HrO0ly4Z	chaif3eiCh  En3rgYOAYr	ieth1kaeF4  Mb4pV2CyAL	RZP2Z9RZKC  VpML5Qtyw6
0vvDwdWx9N  9JKtURjBm1	civ1Uiphee  eos0OhRiez	IJb7DIm96a  mc76QjKZ7X	s5EMuuXqMV  VQBIy0f9tU
1FrKaGmkM4  9k4ipu2tZS	DAi3BWcmiL  eph3Phin4i	IMwKxELn8R  MjBhMA4RKs	sealeiRi2a  VzYSNmSK3k
1tJKlTkly0  9Kip7Z7BY7	DaviuQu5ei  FaN3too5su	ITHMA4RK0u  MRNIE6TtEE	shohquieW0  wozuZ8heiN
205nxSzwQq  A72q8VME1M	dQj57Z0i4F  gD9Z8hIRcf	j2tXwJU19e  o331MA4RKo	sL9lmrKxgN  wRW08PEt27
24PyvCG5VS  a9kzdOUOU5	dwwjTyR4ka  glZWG2uOct	jieZa7oghu  OFIPWqh438	so68lBokzg  wWW36LOmFk
3yFlimDRQp  aa3ohyaeWu	DXRJ36wbLM  GqZtMA4RKi	KAHKy8ZRnZ  ogai6ku5eK	SsOWqpyN5p  x53TBQk6Rf
40AUHIHWtv  aB5xRQJ0xo	dxz8Av0J7j  GsFtI7Qetl	KgAXv3dvdQ  OhQu6shaez	SUfrot5MnF  xNpoYh41Ek
47oL0MA4RK  aeBee5begu	eCsViw6QBF  GU6jMIsHDs	kU5tkqjdyw  ohth2yi1Bu	tahpish4Re  yucUYj7V0Z
4JyDf3TlXp  aeChuph9ei	Eedaz3teo0  gVixG6e6jn	L7pmmakbRZ  ooch6mooYe	TeiKooMei8  yYykZ54tUW
58JNLBoHv6  AeODb2XVjC	eeGh6eijoh  Ha1OopXUuG	lE9ExUTPXg  p8c4LBRc6D	TJ1eCqdLNI  ZoC1CnJ1u9
66uZXLwaI1  ahQ2MA4RK9	eeP6ahchei  Hci0j3W79R	li8eiXaeve  pcRRtx9Bua	TwxNw7SSyp
6nJhAUxcQ5  ahz9Othat8	eev1quoo1O  HieZaihae1	looc2ohN4r  Phae1xiesa	TyzCRI2fhw
74msnI0ZAt  Aid5ooGh1z	eeW3ein1os  hkb3D2B3K8	lPkg9PorXc  pvyaIxqg2V	UnH48DqsmM
7GegdKJxKx  aS43k6KnOk	EhYMA4RKpX  hTeoALOr9w	LukM9a3auf  qG97Tku5AK	uokVK5KT0C
[.] Delete some test files
[.] directory content after delete
0BhPNq12Y1  7j9PLugpMH	bk7aO0c0Fb  eip9eez8Re	IeI6sNkKP8  M4vxzPYnTm	rooG5Quaec  vhKw01jQ4S
0eyVuHnebJ  8tSqzzu6li	cCsNL6JhdB  eipoV7Bo0W	ierah3fohD  M5ZWQ3OEIg	RZP2Z9RZKC  vlEznHk879
0jrki44dXe  95nWsDoqiB	ceZovie2bu  eiVae0jahd	ieth1kaeF4  Mb4pV2CyAL	s5EMuuXqMV  VpML5Qtyw6
0PqZPeM7nO  97HrO0ly4Z	chaif3eiCh  En3rgYOAYr	IJb7DIm96a  mc76QjKZ7X	sealeiRi2a  VQBIy0f9tU
0vvDwdWx9N  9JKtURjBm1	civ1Uiphee  eos0OhRiez	IMwKxELn8R  MRNIE6TtEE	shohquieW0  VzYSNmSK3k
1FrKaGmkM4  9k4ipu2tZS	DAi3BWcmiL  eph3Phin4i	j2tXwJU19e  OFIPWqh438	sL9lmrKxgN  wozuZ8heiN
1tJKlTkly0  9Kip7Z7BY7	DaviuQu5ei  FaN3too5su	jieZa7oghu  ogai6ku5eK	so68lBokzg  wRW08PEt27
205nxSzwQq  A72q8VME1M	dQj57Z0i4F  gD9Z8hIRcf	KAHKy8ZRnZ  OhQu6shaez	SsOWqpyN5p  wWW36LOmFk
24PyvCG5VS  a9kzdOUOU5	dwwjTyR4ka  glZWG2uOct	KgAXv3dvdQ  ohth2yi1Bu	SUfrot5MnF  x53TBQk6Rf
3yFlimDRQp  aa3ohyaeWu	DXRJ36wbLM  GsFtI7Qetl	kU5tkqjdyw  ooch6mooYe	tahpish4Re  xNpoYh41Ek
40AUHIHWtv  aB5xRQJ0xo	dxz8Av0J7j  GU6jMIsHDs	L7pmmakbRZ  p8c4LBRc6D	TeiKooMei8  yucUYj7V0Z
4JyDf3TlXp  aeBee5begu	eCsViw6QBF  gVixG6e6jn	lE9ExUTPXg  pcRRtx9Bua	TJ1eCqdLNI  yYykZ54tUW
58JNLBoHv6  aeChuph9ei	Eedaz3teo0  Ha1OopXUuG	li8eiXaeve  Phae1xiesa	TwxNw7SSyp  ZoC1CnJ1u9
66uZXLwaI1  AeODb2XVjC	eeGh6eijoh  Hci0j3W79R	looc2ohN4r  pvyaIxqg2V	TyzCRI2fhw
6nJhAUxcQ5  ahz9Othat8	eeP6ahchei  HieZaihae1	lPkg9PorXc  qG97Tku5AK	UnH48DqsmM
74msnI0ZAt  Aid5ooGh1z	eev1quoo1O  hkb3D2B3K8	LukM9a3auf  raeTh1ahse	uokVK5KT0C
7GegdKJxKx  aS43k6KnOk	eeW3ein1os  hTeoALOr9w	M3OZjU6HZm  RDFPLjo0Rm	Uw1d2QVhLb
[.] run overwrite -meta:9999 -data:all -path:/tmp/testfs/DIR1

Writing metadata: 
10% 20% 30% 40% 50% 60% 70% 80% 90% 100% 
Writing data: 
1Gb 100% 

Time: 00:00:03.202 
Done. 
[.] unmount the test file system
[.] check the metadata
[O] test case passed. No file name rest found
[.] clean up
[.] Create a small test drive
1+0 records in
1+0 records out
1073741824 bytes (1,1 GB, 1,0 GiB) copied, 0,525602 s, 2,0 GB/s
[.] Create vfat file system and mount
mkfs.fat 4.1 (2017-01-24)
[.] Create test directory
[.] Create test files
0BhPNq12Y1  7j9PLugpMH	bk7aO0c0Fb  eip9eez8Re	I866MA4RKA  M3OZjU6HZm	raeTh1ahse  Uw1d2QVhLb
0eyVuHnebJ  8tSqzzu6li	cCsNL6JhdB  eipoV7Bo0W	IeI6sNkKP8  M4vxzPYnTm	RDFPLjo0Rm  vhKw01jQ4S
0jrki44dXe  95nWsDoqiB	ceZovie2bu  eiVae0jahd	ierah3fohD  M5ZWQ3OEIg	rooG5Quaec  vlEznHk879
0PqZPeM7nO  97HrO0ly4Z	chaif3eiCh  En3rgYOAYr	ieth1kaeF4  Mb4pV2CyAL	RZP2Z9RZKC  VpML5Qtyw6
0vvDwdWx9N  9JKtURjBm1	civ1Uiphee  eos0OhRiez	IJb7DIm96a  mc76QjKZ7X	s5EMuuXqMV  VQBIy0f9tU
1FrKaGmkM4  9k4ipu2tZS	DAi3BWcmiL  eph3Phin4i	IMwKxELn8R  MjBhMA4RKs	sealeiRi2a  VzYSNmSK3k
1tJKlTkly0  9Kip7Z7BY7	DaviuQu5ei  FaN3too5su	ITHMA4RK0u  MRNIE6TtEE	shohquieW0  wozuZ8heiN
205nxSzwQq  A72q8VME1M	dQj57Z0i4F  gD9Z8hIRcf	j2tXwJU19e  o331MA4RKo	sL9lmrKxgN  wRW08PEt27
24PyvCG5VS  a9kzdOUOU5	dwwjTyR4ka  glZWG2uOct	jieZa7oghu  OFIPWqh438	so68lBokzg  wWW36LOmFk
3yFlimDRQp  aa3ohyaeWu	DXRJ36wbLM  GqZtMA4RKi	KAHKy8ZRnZ  ogai6ku5eK	SsOWqpyN5p  x53TBQk6Rf
40AUHIHWtv  aB5xRQJ0xo	dxz8Av0J7j  GsFtI7Qetl	KgAXv3dvdQ  OhQu6shaez	SUfrot5MnF  xNpoYh41Ek
47oL0MA4RK  aeBee5begu	eCsViw6QBF  GU6jMIsHDs	kU5tkqjdyw  ohth2yi1Bu	tahpish4Re  yucUYj7V0Z
4JyDf3TlXp  aeChuph9ei	Eedaz3teo0  gVixG6e6jn	L7pmmakbRZ  ooch6mooYe	TeiKooMei8  yYykZ54tUW
58JNLBoHv6  AeODb2XVjC	eeGh6eijoh  Ha1OopXUuG	lE9ExUTPXg  p8c4LBRc6D	TJ1eCqdLNI  ZoC1CnJ1u9
66uZXLwaI1  ahQ2MA4RK9	eeP6ahchei  Hci0j3W79R	li8eiXaeve  pcRRtx9Bua	TwxNw7SSyp
6nJhAUxcQ5  ahz9Othat8	eev1quoo1O  HieZaihae1	looc2ohN4r  Phae1xiesa	TyzCRI2fhw
74msnI0ZAt  Aid5ooGh1z	eeW3ein1os  hkb3D2B3K8	lPkg9PorXc  pvyaIxqg2V	UnH48DqsmM
7GegdKJxKx  aS43k6KnOk	EhYMA4RKpX  hTeoALOr9w	LukM9a3auf  qG97Tku5AK	uokVK5KT0C
[.] Delete some test files
[.] directory content after delete
0BhPNq12Y1  7j9PLugpMH	bk7aO0c0Fb  eip9eez8Re	IeI6sNkKP8  M4vxzPYnTm	rooG5Quaec  vhKw01jQ4S
0eyVuHnebJ  8tSqzzu6li	cCsNL6JhdB  eipoV7Bo0W	ierah3fohD  M5ZWQ3OEIg	RZP2Z9RZKC  vlEznHk879
0jrki44dXe  95nWsDoqiB	ceZovie2bu  eiVae0jahd	ieth1kaeF4  Mb4pV2CyAL	s5EMuuXqMV  VpML5Qtyw6
0PqZPeM7nO  97HrO0ly4Z	chaif3eiCh  En3rgYOAYr	IJb7DIm96a  mc76QjKZ7X	sealeiRi2a  VQBIy0f9tU
0vvDwdWx9N  9JKtURjBm1	civ1Uiphee  eos0OhRiez	IMwKxELn8R  MRNIE6TtEE	shohquieW0  VzYSNmSK3k
1FrKaGmkM4  9k4ipu2tZS	DAi3BWcmiL  eph3Phin4i	j2tXwJU19e  OFIPWqh438	sL9lmrKxgN  wozuZ8heiN
1tJKlTkly0  9Kip7Z7BY7	DaviuQu5ei  FaN3too5su	jieZa7oghu  ogai6ku5eK	so68lBokzg  wRW08PEt27
205nxSzwQq  A72q8VME1M	dQj57Z0i4F  gD9Z8hIRcf	KAHKy8ZRnZ  OhQu6shaez	SsOWqpyN5p  wWW36LOmFk
24PyvCG5VS  a9kzdOUOU5	dwwjTyR4ka  glZWG2uOct	KgAXv3dvdQ  ohth2yi1Bu	SUfrot5MnF  x53TBQk6Rf
3yFlimDRQp  aa3ohyaeWu	DXRJ36wbLM  GsFtI7Qetl	kU5tkqjdyw  ooch6mooYe	tahpish4Re  xNpoYh41Ek
40AUHIHWtv  aB5xRQJ0xo	dxz8Av0J7j  GU6jMIsHDs	L7pmmakbRZ  p8c4LBRc6D	TeiKooMei8  yucUYj7V0Z
4JyDf3TlXp  aeBee5begu	eCsViw6QBF  gVixG6e6jn	lE9ExUTPXg  pcRRtx9Bua	TJ1eCqdLNI  yYykZ54tUW
58JNLBoHv6  aeChuph9ei	Eedaz3teo0  Ha1OopXUuG	li8eiXaeve  Phae1xiesa	TwxNw7SSyp  ZoC1CnJ1u9
66uZXLwaI1  AeODb2XVjC	eeGh6eijoh  Hci0j3W79R	looc2ohN4r  pvyaIxqg2V	TyzCRI2fhw
6nJhAUxcQ5  ahz9Othat8	eeP6ahchei  HieZaihae1	lPkg9PorXc  qG97Tku5AK	UnH48DqsmM
74msnI0ZAt  Aid5ooGh1z	eev1quoo1O  hkb3D2B3K8	LukM9a3auf  raeTh1ahse	uokVK5KT0C
7GegdKJxKx  aS43k6KnOk	eeW3ein1os  hTeoALOr9w	M3OZjU6HZm  RDFPLjo0Rm	Uw1d2QVhLb
[.] run overwrite -meta:9999 -data:all -path:/tmp/testfs/DIR1

Writing metadata: 
10% 20% 30% 40% 50% 60% 70% 80% 90% 100% 
Writing data: 
1Gb 100% 

Time: 00:01:28.964 
Done. 
[.] unmount the test file system
[.] check the metadata
[O] test case passed. No file name rest found
[.] clean up
[.] Create a small test drive
1+0 records in
1+0 records out
1073741824 bytes (1,1 GB, 1,0 GiB) copied, 0,526866 s, 2,0 GB/s
[.] Create ext2 file system and mount
Filesystem features:      ext_attr resize_inode dir_index filetype sparse_super large_file
[.] Create test directory
[.] Create test files
0BhPNq12Y1  7j9PLugpMH	bk7aO0c0Fb  eip9eez8Re	I866MA4RKA  M3OZjU6HZm	raeTh1ahse  Uw1d2QVhLb
0eyVuHnebJ  8tSqzzu6li	cCsNL6JhdB  eipoV7Bo0W	IeI6sNkKP8  M4vxzPYnTm	RDFPLjo0Rm  vhKw01jQ4S
0jrki44dXe  95nWsDoqiB	ceZovie2bu  eiVae0jahd	ierah3fohD  M5ZWQ3OEIg	rooG5Quaec  vlEznHk879
0PqZPeM7nO  97HrO0ly4Z	chaif3eiCh  En3rgYOAYr	ieth1kaeF4  Mb4pV2CyAL	RZP2Z9RZKC  VpML5Qtyw6
0vvDwdWx9N  9JKtURjBm1	civ1Uiphee  eos0OhRiez	IJb7DIm96a  mc76QjKZ7X	s5EMuuXqMV  VQBIy0f9tU
1FrKaGmkM4  9k4ipu2tZS	DAi3BWcmiL  eph3Phin4i	IMwKxELn8R  MjBhMA4RKs	sealeiRi2a  VzYSNmSK3k
1tJKlTkly0  9Kip7Z7BY7	DaviuQu5ei  FaN3too5su	ITHMA4RK0u  MRNIE6TtEE	shohquieW0  wozuZ8heiN
205nxSzwQq  A72q8VME1M	dQj57Z0i4F  gD9Z8hIRcf	j2tXwJU19e  o331MA4RKo	sL9lmrKxgN  wRW08PEt27
24PyvCG5VS  a9kzdOUOU5	dwwjTyR4ka  glZWG2uOct	jieZa7oghu  OFIPWqh438	so68lBokzg  wWW36LOmFk
3yFlimDRQp  aa3ohyaeWu	DXRJ36wbLM  GqZtMA4RKi	KAHKy8ZRnZ  ogai6ku5eK	SsOWqpyN5p  x53TBQk6Rf
40AUHIHWtv  aB5xRQJ0xo	dxz8Av0J7j  GsFtI7Qetl	KgAXv3dvdQ  OhQu6shaez	SUfrot5MnF  xNpoYh41Ek
47oL0MA4RK  aeBee5begu	eCsViw6QBF  GU6jMIsHDs	kU5tkqjdyw  ohth2yi1Bu	tahpish4Re  yucUYj7V0Z
4JyDf3TlXp  aeChuph9ei	Eedaz3teo0  gVixG6e6jn	L7pmmakbRZ  ooch6mooYe	TeiKooMei8  yYykZ54tUW
58JNLBoHv6  AeODb2XVjC	eeGh6eijoh  Ha1OopXUuG	lE9ExUTPXg  p8c4LBRc6D	TJ1eCqdLNI  ZoC1CnJ1u9
66uZXLwaI1  ahQ2MA4RK9	eeP6ahchei  Hci0j3W79R	li8eiXaeve  pcRRtx9Bua	TwxNw7SSyp
6nJhAUxcQ5  ahz9Othat8	eev1quoo1O  HieZaihae1	looc2ohN4r  Phae1xiesa	TyzCRI2fhw
74msnI0ZAt  Aid5ooGh1z	eeW3ein1os  hkb3D2B3K8	lPkg9PorXc  pvyaIxqg2V	UnH48DqsmM
7GegdKJxKx  aS43k6KnOk	EhYMA4RKpX  hTeoALOr9w	LukM9a3auf  qG97Tku5AK	uokVK5KT0C
[.] Delete some test files
[.] directory content after delete
0BhPNq12Y1  7j9PLugpMH	bk7aO0c0Fb  eip9eez8Re	IeI6sNkKP8  M4vxzPYnTm	rooG5Quaec  vhKw01jQ4S
0eyVuHnebJ  8tSqzzu6li	cCsNL6JhdB  eipoV7Bo0W	ierah3fohD  M5ZWQ3OEIg	RZP2Z9RZKC  vlEznHk879
0jrki44dXe  95nWsDoqiB	ceZovie2bu  eiVae0jahd	ieth1kaeF4  Mb4pV2CyAL	s5EMuuXqMV  VpML5Qtyw6
0PqZPeM7nO  97HrO0ly4Z	chaif3eiCh  En3rgYOAYr	IJb7DIm96a  mc76QjKZ7X	sealeiRi2a  VQBIy0f9tU
0vvDwdWx9N  9JKtURjBm1	civ1Uiphee  eos0OhRiez	IMwKxELn8R  MRNIE6TtEE	shohquieW0  VzYSNmSK3k
1FrKaGmkM4  9k4ipu2tZS	DAi3BWcmiL  eph3Phin4i	j2tXwJU19e  OFIPWqh438	sL9lmrKxgN  wozuZ8heiN
1tJKlTkly0  9Kip7Z7BY7	DaviuQu5ei  FaN3too5su	jieZa7oghu  ogai6ku5eK	so68lBokzg  wRW08PEt27
205nxSzwQq  A72q8VME1M	dQj57Z0i4F  gD9Z8hIRcf	KAHKy8ZRnZ  OhQu6shaez	SsOWqpyN5p  wWW36LOmFk
24PyvCG5VS  a9kzdOUOU5	dwwjTyR4ka  glZWG2uOct	KgAXv3dvdQ  ohth2yi1Bu	SUfrot5MnF  x53TBQk6Rf
3yFlimDRQp  aa3ohyaeWu	DXRJ36wbLM  GsFtI7Qetl	kU5tkqjdyw  ooch6mooYe	tahpish4Re  xNpoYh41Ek
40AUHIHWtv  aB5xRQJ0xo	dxz8Av0J7j  GU6jMIsHDs	L7pmmakbRZ  p8c4LBRc6D	TeiKooMei8  yucUYj7V0Z
4JyDf3TlXp  aeBee5begu	eCsViw6QBF  gVixG6e6jn	lE9ExUTPXg  pcRRtx9Bua	TJ1eCqdLNI  yYykZ54tUW
58JNLBoHv6  aeChuph9ei	Eedaz3teo0  Ha1OopXUuG	li8eiXaeve  Phae1xiesa	TwxNw7SSyp  ZoC1CnJ1u9
66uZXLwaI1  AeODb2XVjC	eeGh6eijoh  Hci0j3W79R	looc2ohN4r  pvyaIxqg2V	TyzCRI2fhw
6nJhAUxcQ5  ahz9Othat8	eeP6ahchei  HieZaihae1	lPkg9PorXc  qG97Tku5AK	UnH48DqsmM
74msnI0ZAt  Aid5ooGh1z	eev1quoo1O  hkb3D2B3K8	LukM9a3auf  raeTh1ahse	uokVK5KT0C
7GegdKJxKx  aS43k6KnOk	eeW3ein1os  hTeoALOr9w	M3OZjU6HZm  RDFPLjo0Rm	Uw1d2QVhLb
[.] run overwrite -meta:9999 -data:all -path:/tmp/testfs/DIR1

Writing metadata: 
10% 20% 30% 40% 50% 60% 70% 80% 90% 100% 
Writing data: 
1Gb 100% 

Time: 00:00:02.18 
Done. 
[.] unmount the test file system
[.] check the metadata
[X] file name rest found on test drive!
302023e0  33 78 5a 74 4d 41 34 52  4b 69 00 00 33 c0 00 00  |3xZtMA4RKi..3...|
30202440  14 00 02 01 34 78 59 4d  41 34 52 4b 70 58 00 00  |....4xYMA4RKpX..|
30202530  14 00 02 01 35 78 6f 4c  30 4d 41 34 52 4b 00 00  |....5xoL0MA4RK..|
30202570  36 78 48 4d 41 34 52 4b  30 75 00 00 47 c0 00 00  |6xHMA4RK0u..G...|
[.] clean up
[.] Create a small test drive
1+0 records in
1+0 records out
1073741824 bytes (1,1 GB, 1,0 GiB) copied, 0,519665 s, 2,1 GB/s
[.] Create ext4 file system and mount
Filesystem features:      ext_attr resize_inode dir_index filetype extent 64bit flex_bg sparse_super large_file huge_file dir_nlink extra_isize metadata_csum
[.] Create test directory
[.] Create test files
0BhPNq12Y1  7j9PLugpMH	bk7aO0c0Fb  eip9eez8Re	I866MA4RKA  M3OZjU6HZm	raeTh1ahse  Uw1d2QVhLb
0eyVuHnebJ  8tSqzzu6li	cCsNL6JhdB  eipoV7Bo0W	IeI6sNkKP8  M4vxzPYnTm	RDFPLjo0Rm  vhKw01jQ4S
0jrki44dXe  95nWsDoqiB	ceZovie2bu  eiVae0jahd	ierah3fohD  M5ZWQ3OEIg	rooG5Quaec  vlEznHk879
0PqZPeM7nO  97HrO0ly4Z	chaif3eiCh  En3rgYOAYr	ieth1kaeF4  Mb4pV2CyAL	RZP2Z9RZKC  VpML5Qtyw6
0vvDwdWx9N  9JKtURjBm1	civ1Uiphee  eos0OhRiez	IJb7DIm96a  mc76QjKZ7X	s5EMuuXqMV  VQBIy0f9tU
1FrKaGmkM4  9k4ipu2tZS	DAi3BWcmiL  eph3Phin4i	IMwKxELn8R  MjBhMA4RKs	sealeiRi2a  VzYSNmSK3k
1tJKlTkly0  9Kip7Z7BY7	DaviuQu5ei  FaN3too5su	ITHMA4RK0u  MRNIE6TtEE	shohquieW0  wozuZ8heiN
205nxSzwQq  A72q8VME1M	dQj57Z0i4F  gD9Z8hIRcf	j2tXwJU19e  o331MA4RKo	sL9lmrKxgN  wRW08PEt27
24PyvCG5VS  a9kzdOUOU5	dwwjTyR4ka  glZWG2uOct	jieZa7oghu  OFIPWqh438	so68lBokzg  wWW36LOmFk
3yFlimDRQp  aa3ohyaeWu	DXRJ36wbLM  GqZtMA4RKi	KAHKy8ZRnZ  ogai6ku5eK	SsOWqpyN5p  x53TBQk6Rf
40AUHIHWtv  aB5xRQJ0xo	dxz8Av0J7j  GsFtI7Qetl	KgAXv3dvdQ  OhQu6shaez	SUfrot5MnF  xNpoYh41Ek
47oL0MA4RK  aeBee5begu	eCsViw6QBF  GU6jMIsHDs	kU5tkqjdyw  ohth2yi1Bu	tahpish4Re  yucUYj7V0Z
4JyDf3TlXp  aeChuph9ei	Eedaz3teo0  gVixG6e6jn	L7pmmakbRZ  ooch6mooYe	TeiKooMei8  yYykZ54tUW
58JNLBoHv6  AeODb2XVjC	eeGh6eijoh  Ha1OopXUuG	lE9ExUTPXg  p8c4LBRc6D	TJ1eCqdLNI  ZoC1CnJ1u9
66uZXLwaI1  ahQ2MA4RK9	eeP6ahchei  Hci0j3W79R	li8eiXaeve  pcRRtx9Bua	TwxNw7SSyp
6nJhAUxcQ5  ahz9Othat8	eev1quoo1O  HieZaihae1	looc2ohN4r  Phae1xiesa	TyzCRI2fhw
74msnI0ZAt  Aid5ooGh1z	eeW3ein1os  hkb3D2B3K8	lPkg9PorXc  pvyaIxqg2V	UnH48DqsmM
7GegdKJxKx  aS43k6KnOk	EhYMA4RKpX  hTeoALOr9w	LukM9a3auf  qG97Tku5AK	uokVK5KT0C
[.] Delete some test files
[.] directory content after delete
0BhPNq12Y1  7j9PLugpMH	bk7aO0c0Fb  eip9eez8Re	IeI6sNkKP8  M4vxzPYnTm	rooG5Quaec  vhKw01jQ4S
0eyVuHnebJ  8tSqzzu6li	cCsNL6JhdB  eipoV7Bo0W	ierah3fohD  M5ZWQ3OEIg	RZP2Z9RZKC  vlEznHk879
0jrki44dXe  95nWsDoqiB	ceZovie2bu  eiVae0jahd	ieth1kaeF4  Mb4pV2CyAL	s5EMuuXqMV  VpML5Qtyw6
0PqZPeM7nO  97HrO0ly4Z	chaif3eiCh  En3rgYOAYr	IJb7DIm96a  mc76QjKZ7X	sealeiRi2a  VQBIy0f9tU
0vvDwdWx9N  9JKtURjBm1	civ1Uiphee  eos0OhRiez	IMwKxELn8R  MRNIE6TtEE	shohquieW0  VzYSNmSK3k
1FrKaGmkM4  9k4ipu2tZS	DAi3BWcmiL  eph3Phin4i	j2tXwJU19e  OFIPWqh438	sL9lmrKxgN  wozuZ8heiN
1tJKlTkly0  9Kip7Z7BY7	DaviuQu5ei  FaN3too5su	jieZa7oghu  ogai6ku5eK	so68lBokzg  wRW08PEt27
205nxSzwQq  A72q8VME1M	dQj57Z0i4F  gD9Z8hIRcf	KAHKy8ZRnZ  OhQu6shaez	SsOWqpyN5p  wWW36LOmFk
24PyvCG5VS  a9kzdOUOU5	dwwjTyR4ka  glZWG2uOct	KgAXv3dvdQ  ohth2yi1Bu	SUfrot5MnF  x53TBQk6Rf
3yFlimDRQp  aa3ohyaeWu	DXRJ36wbLM  GsFtI7Qetl	kU5tkqjdyw  ooch6mooYe	tahpish4Re  xNpoYh41Ek
40AUHIHWtv  aB5xRQJ0xo	dxz8Av0J7j  GU6jMIsHDs	L7pmmakbRZ  p8c4LBRc6D	TeiKooMei8  yucUYj7V0Z
4JyDf3TlXp  aeBee5begu	eCsViw6QBF  gVixG6e6jn	lE9ExUTPXg  pcRRtx9Bua	TJ1eCqdLNI  yYykZ54tUW
58JNLBoHv6  aeChuph9ei	Eedaz3teo0  Ha1OopXUuG	li8eiXaeve  Phae1xiesa	TwxNw7SSyp  ZoC1CnJ1u9
66uZXLwaI1  AeODb2XVjC	eeGh6eijoh  Hci0j3W79R	looc2ohN4r  pvyaIxqg2V	TyzCRI2fhw
6nJhAUxcQ5  ahz9Othat8	eeP6ahchei  HieZaihae1	lPkg9PorXc  qG97Tku5AK	UnH48DqsmM
74msnI0ZAt  Aid5ooGh1z	eev1quoo1O  hkb3D2B3K8	LukM9a3auf  raeTh1ahse	uokVK5KT0C
7GegdKJxKx  aS43k6KnOk	eeW3ein1os  hTeoALOr9w	M3OZjU6HZm  RDFPLjo0Rm	Uw1d2QVhLb
[.] run overwrite -meta:9999 -data:all -path:/tmp/testfs/DIR1

Writing metadata: 
10% 20% 30% 40% 50% 60% 70% 80% 90% 100% 
Writing data: 
1Gb 100% 

Time: 00:00:01.808 
Done. 
[.] unmount the test file system
[.] check the metadata
[X] file name rest found on test drive!
010973e0  33 78 5a 74 4d 41 34 52  4b 69 00 00 3e 00 00 00  |3xZtMA4RKi..>...|
01097440  14 00 02 01 34 78 59 4d  41 34 52 4b 70 58 00 00  |....4xYMA4RKpX..|
01097530  14 00 02 01 35 78 6f 4c  30 4d 41 34 52 4b 00 00  |....5xoL0MA4RK..|
01097570  36 78 48 4d 41 34 52 4b  30 75 00 00 52 00 00 00  |6xHMA4RK0u..R...|
[.] clean up
[.] Create a small test drive
1+0 records in
1+0 records out
1073741824 bytes (1,1 GB, 1,0 GiB) copied, 0,520237 s, 2,1 GB/s
[.] Create ntfs file system and mount
/tmp/RAWdata is not a block device.
mkntfs forced anyway.
The sector size was not specified for /tmp/RAWdata and it could not be obtained automatically.  It has been set to 512 bytes.
The partition start sector was not specified for /tmp/RAWdata and it could not be obtained automatically.  It has been set to 0.
The number of sectors per track was not specified for /tmp/RAWdata and it could not be obtained automatically.  It has been set to 0.
The number of heads was not specified for /tmp/RAWdata and it could not be obtained automatically.  It has been set to 0.
To boot from a device, Windows needs the 'partition start sector', the 'sectors per track' and the 'number of heads' to be set.
Windows will not be able to boot from this device.
[.] Create test directory
[.] Create test files
0BhPNq12Y1  7j9PLugpMH	bk7aO0c0Fb  eip9eez8Re	I866MA4RKA  M3OZjU6HZm	raeTh1ahse  Uw1d2QVhLb
0eyVuHnebJ  8tSqzzu6li	cCsNL6JhdB  eipoV7Bo0W	IeI6sNkKP8  M4vxzPYnTm	RDFPLjo0Rm  vhKw01jQ4S
0jrki44dXe  95nWsDoqiB	ceZovie2bu  eiVae0jahd	ierah3fohD  M5ZWQ3OEIg	rooG5Quaec  vlEznHk879
0PqZPeM7nO  97HrO0ly4Z	chaif3eiCh  En3rgYOAYr	ieth1kaeF4  Mb4pV2CyAL	RZP2Z9RZKC  VpML5Qtyw6
0vvDwdWx9N  9JKtURjBm1	civ1Uiphee  eos0OhRiez	IJb7DIm96a  mc76QjKZ7X	s5EMuuXqMV  VQBIy0f9tU
1FrKaGmkM4  9k4ipu2tZS	DAi3BWcmiL  eph3Phin4i	IMwKxELn8R  MjBhMA4RKs	sealeiRi2a  VzYSNmSK3k
1tJKlTkly0  9Kip7Z7BY7	DaviuQu5ei  FaN3too5su	ITHMA4RK0u  MRNIE6TtEE	shohquieW0  wozuZ8heiN
205nxSzwQq  A72q8VME1M	dQj57Z0i4F  gD9Z8hIRcf	j2tXwJU19e  o331MA4RKo	sL9lmrKxgN  wRW08PEt27
24PyvCG5VS  a9kzdOUOU5	dwwjTyR4ka  glZWG2uOct	jieZa7oghu  OFIPWqh438	so68lBokzg  wWW36LOmFk
3yFlimDRQp  aa3ohyaeWu	DXRJ36wbLM  GqZtMA4RKi	KAHKy8ZRnZ  ogai6ku5eK	SsOWqpyN5p  x53TBQk6Rf
40AUHIHWtv  aB5xRQJ0xo	dxz8Av0J7j  GsFtI7Qetl	KgAXv3dvdQ  OhQu6shaez	SUfrot5MnF  xNpoYh41Ek
47oL0MA4RK  aeBee5begu	eCsViw6QBF  GU6jMIsHDs	kU5tkqjdyw  ohth2yi1Bu	tahpish4Re  yucUYj7V0Z
4JyDf3TlXp  aeChuph9ei	Eedaz3teo0  gVixG6e6jn	L7pmmakbRZ  ooch6mooYe	TeiKooMei8  yYykZ54tUW
58JNLBoHv6  AeODb2XVjC	eeGh6eijoh  Ha1OopXUuG	lE9ExUTPXg  p8c4LBRc6D	TJ1eCqdLNI  ZoC1CnJ1u9
66uZXLwaI1  ahQ2MA4RK9	eeP6ahchei  Hci0j3W79R	li8eiXaeve  pcRRtx9Bua	TwxNw7SSyp
6nJhAUxcQ5  ahz9Othat8	eev1quoo1O  HieZaihae1	looc2ohN4r  Phae1xiesa	TyzCRI2fhw
74msnI0ZAt  Aid5ooGh1z	eeW3ein1os  hkb3D2B3K8	lPkg9PorXc  pvyaIxqg2V	UnH48DqsmM
7GegdKJxKx  aS43k6KnOk	EhYMA4RKpX  hTeoALOr9w	LukM9a3auf  qG97Tku5AK	uokVK5KT0C
[.] Delete some test files
[.] directory content after delete
0BhPNq12Y1  7j9PLugpMH	bk7aO0c0Fb  eip9eez8Re	IeI6sNkKP8  M4vxzPYnTm	rooG5Quaec  vhKw01jQ4S
0eyVuHnebJ  8tSqzzu6li	cCsNL6JhdB  eipoV7Bo0W	ierah3fohD  M5ZWQ3OEIg	RZP2Z9RZKC  vlEznHk879
0jrki44dXe  95nWsDoqiB	ceZovie2bu  eiVae0jahd	ieth1kaeF4  Mb4pV2CyAL	s5EMuuXqMV  VpML5Qtyw6
0PqZPeM7nO  97HrO0ly4Z	chaif3eiCh  En3rgYOAYr	IJb7DIm96a  mc76QjKZ7X	sealeiRi2a  VQBIy0f9tU
0vvDwdWx9N  9JKtURjBm1	civ1Uiphee  eos0OhRiez	IMwKxELn8R  MRNIE6TtEE	shohquieW0  VzYSNmSK3k
1FrKaGmkM4  9k4ipu2tZS	DAi3BWcmiL  eph3Phin4i	j2tXwJU19e  OFIPWqh438	sL9lmrKxgN  wozuZ8heiN
1tJKlTkly0  9Kip7Z7BY7	DaviuQu5ei  FaN3too5su	jieZa7oghu  ogai6ku5eK	so68lBokzg  wRW08PEt27
205nxSzwQq  A72q8VME1M	dQj57Z0i4F  gD9Z8hIRcf	KAHKy8ZRnZ  OhQu6shaez	SsOWqpyN5p  wWW36LOmFk
24PyvCG5VS  a9kzdOUOU5	dwwjTyR4ka  glZWG2uOct	KgAXv3dvdQ  ohth2yi1Bu	SUfrot5MnF  x53TBQk6Rf
3yFlimDRQp  aa3ohyaeWu	DXRJ36wbLM  GsFtI7Qetl	kU5tkqjdyw  ooch6mooYe	tahpish4Re  xNpoYh41Ek
40AUHIHWtv  aB5xRQJ0xo	dxz8Av0J7j  GU6jMIsHDs	L7pmmakbRZ  p8c4LBRc6D	TeiKooMei8  yucUYj7V0Z
4JyDf3TlXp  aeBee5begu	eCsViw6QBF  gVixG6e6jn	lE9ExUTPXg  pcRRtx9Bua	TJ1eCqdLNI  yYykZ54tUW
58JNLBoHv6  aeChuph9ei	Eedaz3teo0  Ha1OopXUuG	li8eiXaeve  Phae1xiesa	TwxNw7SSyp  ZoC1CnJ1u9
66uZXLwaI1  AeODb2XVjC	eeGh6eijoh  Hci0j3W79R	looc2ohN4r  pvyaIxqg2V	TyzCRI2fhw
6nJhAUxcQ5  ahz9Othat8	eeP6ahchei  HieZaihae1	lPkg9PorXc  qG97Tku5AK	UnH48DqsmM
74msnI0ZAt  Aid5ooGh1z	eev1quoo1O  hkb3D2B3K8	LukM9a3auf  raeTh1ahse	uokVK5KT0C
7GegdKJxKx  aS43k6KnOk	eeW3ein1os  hTeoALOr9w	M3OZjU6HZm  RDFPLjo0Rm	Uw1d2QVhLb
[.] run overwrite -meta:9999 -data:all -path:/tmp/testfs/DIR1

Writing metadata: 
10% 20% 30% 40% 50% 60% 70% 80% 90% 100% 
Writing data: 
1Gb 100% 

Time: 00:00:03.533 
Done. 
[.] unmount the test file system
[.] check the metadata
[X] file name rest (2 byte charset) found on test drive!
EhYMA4RKpX0
GqZtMA4RKi
[.] clean up
